
> mas@0.1.0 dev
> next dev

⚠ Port 3000 is in use by an unknown process, using available port 3001 instead.
▲ Next.js 16.2.4 (Turbopack)
- Local:         http://localhost:3001
- Network:       http://165.101.250.39:3001
✓ Ready in 697ms

 GET / 200 in 1159ms (next.js: 252ms, application-code: 907ms)
[browser] Please ensure that the container has a non-static position, like 'relative', 'fixed', or 'absolute' to ensure scroll offset is calculated correctly. (<anonymous>)
 GET / 200 in 27ms (next.js: 9ms, application-code: 17ms)
 GET / 200 in 18ms (next.js: 6ms, application-code: 12ms)
✓ Compiled in 227ms
 GET / 200 in 470ms (next.js: 13ms, application-code: 456ms)
[browser] Please ensure that the container has a non-static position, like 'relative', 'fixed', or 'absolute' to ensure scroll offset is calculated correctly. (<anonymous>)
✓ Compiled in 160ms
✓ Compiled in 256ms
[browser] ./app/components/GetQuoteForm.tsx:2:1
The "use client" directive must be placed before other expressions. Move it to the top of the file to resolve this issue.
  1 | TypeScript
> 2 | "use client";
    | ^^^^^^^^^^^^^
  3 |
  4 | import React, { useState, useRef, useEffect } from "react";
  5 | import { motion, AnimatePresence } from "framer-motion";

Ecmascript file had an error

Import traces:
  Client Component Browser:
    ./app/components/GetQuoteForm.tsx [Client Component Browser]
    ./app/components/HeroSection.tsx [Client Component Browser]
    ./app/page.tsx [Client Component Browser]
    ./app/page.tsx [Server Component]

  Client Component SSR:
    ./app/components/GetQuoteForm.tsx [Client Component SSR]
    ./app/components/HeroSection.tsx [Client Component SSR]
    ./app/page.tsx [Client Component SSR]
    ./app/page.tsx [Server Component] 
[browser] ./app/components/GetQuoteForm.tsx:2:1
The "use client" directive must be placed before other expressions. Move it to the top of the file to resolve this issue.
  1 | TypeScript
> 2 | "use client";
    | ^^^^^^^^^^^^^
  3 |
  4 | import React, { useState, useRef, useEffect } from "react";
  5 | import { motion, AnimatePresence } from "framer-motion";

Ecmascript file had an error

Import traces:
  Client Component Browser:
    ./app/components/GetQuoteForm.tsx [Client Component Browser]
    ./app/components/HeroSection.tsx [Client Component Browser]
    ./app/page.tsx [Client Component Browser]
    ./app/page.tsx [Server Component]

  Client Component SSR:
    ./app/components/GetQuoteForm.tsx [Client Component SSR]
    ./app/components/HeroSection.tsx [Client Component SSR]
    ./app/page.tsx [Client Component SSR]
    ./app/page.tsx [Server Component] 
[browser] ./app/components/GetQuoteForm.tsx:2:1
The "use client" directive must be placed before other expressions. Move it to the top of the file to resolve this issue.
  1 | TypeScript
> 2 | "use client";
    | ^^^^^^^^^^^^^
  3 |
  4 | import React, { useState, useRef, useEffect } from "react";
  5 | import { motion, AnimatePresence } from "framer-motion";

Ecmascript file had an error

Import traces:
  Client Component Browser:
    ./app/components/GetQuoteForm.tsx [Client Component Browser]
    ./app/components/HeroSection.tsx [Client Component Browser]
    ./app/page.tsx [Client Component Browser]
    ./app/page.tsx [Server Component]

  Client Component SSR:
    ./app/components/GetQuoteForm.tsx [Client Component SSR]
    ./app/components/HeroSection.tsx [Client Component SSR]
    ./app/page.tsx [Client Component SSR]
    ./app/page.tsx [Server Component] 
[browser] ./app/components/GetQuoteForm.tsx:2:1
The "use client" directive must be placed before other expressions. Move it to the top of the file to resolve this issue.
  1 | TypeScript
> 2 | "use client";
    | ^^^^^^^^^^^^^
  3 |
  4 | import React, { useState, useRef, useEffect } from "react";
  5 | import { motion, AnimatePresence } from "framer-motion";

Ecmascript file had an error

Import traces:
  Client Component Browser:
    ./app/components/GetQuoteForm.tsx [Client Component Browser]
    ./app/components/HeroSection.tsx [Client Component Browser]
    ./app/page.tsx [Client Component Browser]
    ./app/page.tsx [Server Component]

  Client Component SSR:
    ./app/components/GetQuoteForm.tsx [Client Component SSR]
    ./app/components/HeroSection.tsx [Client Component SSR]
    ./app/page.tsx [Client Component SSR]
    ./app/page.tsx [Server Component] 
[browser] ./app/components/GetQuoteForm.tsx:2:1
The "use client" directive must be placed before other expressions. Move it to the top of the file to resolve this issue.
  1 | TypeScript
> 2 | "use client";
    | ^^^^^^^^^^^^^
  3 |
  4 | import React, { useState, useRef, useEffect } from "react";
  5 | import { motion, AnimatePresence } from "framer-motion";

Ecmascript file had an error

Import traces:
  Client Component Browser:
    ./app/components/GetQuoteForm.tsx [Client Component Browser]
    ./app/components/HeroSection.tsx [Client Component Browser]
    ./app/page.tsx [Client Component Browser]
    ./app/page.tsx [Server Component]

  Client Component SSR:
    ./app/components/GetQuoteForm.tsx [Client Component SSR]
    ./app/components/HeroSection.tsx [Client Component SSR]
    ./app/page.tsx [Client Component SSR]
    ./app/page.tsx [Server Component] 
[browser] ./app/components/GetQuoteForm.tsx:2:1
The "use client" directive must be placed before other expressions. Move it to the top of the file to resolve this issue.
  1 | TypeScript
> 2 | "use client";
    | ^^^^^^^^^^^^^
  3 |
  4 | import React, { useState, useRef, useEffect } from "react";
  5 | import { motion, AnimatePresence } from "framer-motion";

Ecmascript file had an error

Import traces:
  Client Component Browser:
    ./app/components/GetQuoteForm.tsx [Client Component Browser]
    ./app/components/HeroSection.tsx [Client Component Browser]
    ./app/page.tsx [Client Component Browser]
    ./app/page.tsx [Server Component]

  Client Component SSR:
    ./app/components/GetQuoteForm.tsx [Client Component SSR]
    ./app/components/HeroSection.tsx [Client Component SSR]
    ./app/page.tsx [Client Component SSR]
    ./app/page.tsx [Server Component] 
[browser] ./app/components/GetQuoteForm.tsx:2:1
The "use client" directive must be placed before other expressions. Move it to the top of the file to resolve this issue.
  1 | TypeScript
> 2 | "use client";
    | ^^^^^^^^^^^^^
  3 |
  4 | import React, { useState, useRef, useEffect } from "react";
  5 | import { motion, AnimatePresence } from "framer-motion";

Ecmascript file had an error

Import traces:
  Client Component Browser:
    ./app/components/GetQuoteForm.tsx [Client Component Browser]
    ./app/components/HeroSection.tsx [Client Component Browser]
    ./app/page.tsx [Client Component Browser]
    ./app/page.tsx [Server Component]

  Client Component SSR:
    ./app/components/GetQuoteForm.tsx [Client Component SSR]
    ./app/components/HeroSection.tsx [Client Component SSR]
    ./app/page.tsx [Client Component SSR]
    ./app/page.tsx [Server Component] 
[browser] ./app/components/GetQuoteForm.tsx:2:1
The "use client" directive must be placed before other expressions. Move it to the top of the file to resolve this issue.
  1 | TypeScript
> 2 | "use client";
    | ^^^^^^^^^^^^^
  3 |
  4 | import React, { useState, useRef, useEffect } from "react";
  5 | import { motion, AnimatePresence } from "framer-motion";

Ecmascript file had an error

Import traces:
  Client Component Browser:
    ./app/components/GetQuoteForm.tsx [Client Component Browser]
    ./app/components/HeroSection.tsx [Client Component Browser]
    ./app/page.tsx [Client Component Browser]
    ./app/page.tsx [Server Component]

  Client Component SSR:
    ./app/components/GetQuoteForm.tsx [Client Component SSR]
    ./app/components/HeroSection.tsx [Client Component SSR]
    ./app/page.tsx [Client Component SSR]
    ./app/page.tsx [Server Component] 
[browser] ./app/components/GetQuoteForm.tsx:2:1
The "use client" directive must be placed before other expressions. Move it to the top of the file to resolve this issue.
  1 | TypeScript
> 2 | "use client";
    | ^^^^^^^^^^^^^
  3 |
  4 | import React, { useState, useRef, useEffect } from "react";
  5 | import { motion, AnimatePresence } from "framer-motion";

Ecmascript file had an error

Import traces:
  Client Component Browser:
    ./app/components/GetQuoteForm.tsx [Client Component Browser]
    ./app/components/HeroSection.tsx [Client Component Browser]
    ./app/page.tsx [Client Component Browser]
    ./app/page.tsx [Server Component]

  Client Component SSR:
    ./app/components/GetQuoteForm.tsx [Client Component SSR]
    ./app/components/HeroSection.tsx [Client Component SSR]
    ./app/page.tsx [Client Component SSR]
    ./app/page.tsx [Server Component] 
[browser] ./app/components/GetQuoteForm.tsx:2:1
The "use client" directive must be placed before other expressions. Move it to the top of the file to resolve this issue.
  1 | TypeScript
> 2 | "use client";
    | ^^^^^^^^^^^^^
  3 |
  4 | import React, { useState, useRef, useEffect } from "react";
  5 | import { motion, AnimatePresence } from "framer-motion";

Ecmascript file had an error

Import traces:
  Client Component Browser:
    ./app/components/GetQuoteForm.tsx [Client Component Browser]
    ./app/components/HeroSection.tsx [Client Component Browser]
    ./app/page.tsx [Client Component Browser]
    ./app/page.tsx [Server Component]

  Client Component SSR:
    ./app/components/GetQuoteForm.tsx [Client Component SSR]
    ./app/components/HeroSection.tsx [Client Component SSR]
    ./app/page.tsx [Client Component SSR]
    ./app/page.tsx [Server Component] 
✓ Compiled in 161ms
 GET / 200 in 109ms (next.js: 13ms, application-code: 96ms)
[browser] ./app/components/GetQuoteForm.tsx:2:1
The "use client" directive must be placed before other expressions. Move it to the top of the file to resolve this issue.
  1 | TypeScript
> 2 | "use client";
    | ^^^^^^^^^^^^^
  3 |
  4 | import React, { useState, useRef, useEffect } from "react";
  5 | import { motion, AnimatePresence } from "framer-motion";

Ecmascript file had an error

Import traces:
  Client Component Browser:
    ./app/components/GetQuoteForm.tsx [Client Component Browser]
    ./app/components/HeroSection.tsx [Client Component Browser]
    ./app/page.tsx [Client Component Browser]
    ./app/page.tsx [Server Component]

  Client Component SSR:
    ./app/components/GetQuoteForm.tsx [Client Component SSR]
    ./app/components/HeroSection.tsx [Client Component SSR]
    ./app/page.tsx [Client Component SSR]
    ./app/page.tsx [Server Component] 
[browser] ./app/components/GetQuoteForm.tsx:2:1
The "use client" directive must be placed before other expressions. Move it to the top of the file to resolve this issue.
  1 | TypeScript
> 2 | "use client";
    | ^^^^^^^^^^^^^
  3 |
  4 | import React, { useState, useRef, useEffect } from "react";
  5 | import { motion, AnimatePresence } from "framer-motion";

Ecmascript file had an error

Import traces:
  Client Component Browser:
    ./app/components/GetQuoteForm.tsx [Client Component Browser]
    ./app/components/HeroSection.tsx [Client Component Browser]
    ./app/page.tsx [Client Component Browser]
    ./app/page.tsx [Server Component]

  Client Component SSR:
    ./app/components/GetQuoteForm.tsx [Client Component SSR]
    ./app/components/HeroSection.tsx [Client Component SSR]
    ./app/page.tsx [Client Component SSR]
    ./app/page.tsx [Server Component] 
[browser] ./app/components/GetQuoteForm.tsx:2:1
The "use client" directive must be placed before other expressions. Move it to the top of the file to resolve this issue.
  1 | TypeScript
> 2 | "use client";
    | ^^^^^^^^^^^^^
  3 |
  4 | import React, { useState, useRef, useEffect } from "react";
  5 | import { motion, AnimatePresence } from "framer-motion";

Ecmascript file had an error

Import traces:
  Client Component Browser:
    ./app/components/GetQuoteForm.tsx [Client Component Browser]
    ./app/components/HeroSection.tsx [Client Component Browser]
    ./app/page.tsx [Client Component Browser]
    ./app/page.tsx [Server Component]

  Client Component SSR:
    ./app/components/GetQuoteForm.tsx [Client Component SSR]
    ./app/components/HeroSection.tsx [Client Component SSR]
    ./app/page.tsx [Client Component SSR]
    ./app/page.tsx [Server Component] 
[browser] ./app/components/GetQuoteForm.tsx:2:1
The "use client" directive must be placed before other expressions. Move it to the top of the file to resolve this issue.
  1 | TypeScript
> 2 | "use client";
    | ^^^^^^^^^^^^^
  3 |
  4 | import React, { useState, useRef, useEffect } from "react";
  5 | import { motion, AnimatePresence } from "framer-motion";

Ecmascript file had an error

Import traces:
  Client Component Browser:
    ./app/components/GetQuoteForm.tsx [Client Component Browser]
    ./app/components/HeroSection.tsx [Client Component Browser]
    ./app/page.tsx [Client Component Browser]
    ./app/page.tsx [Server Component]

  Client Component SSR:
    ./app/components/GetQuoteForm.tsx [Client Component SSR]
    ./app/components/HeroSection.tsx [Client Component SSR]
    ./app/page.tsx [Client Component SSR]
    ./app/page.tsx [Server Component] 
 GET / 200 in 349ms (next.js: 4ms, application-code: 345ms)
[browser] Please ensure that the container has a non-static position, like 'relative', 'fixed', or 'absolute' to ensure scroll offset is calculated correctly. (<anonymous>)
✓ Compiled in 571ms
✓ Compiled in 141ms
✓ Compiled in 157ms
✓ Compiled in 370ms
✓ Compiled in 469ms
✓ Compiled in 396ms
✓ Compiled in 169ms
 GET / 200 in 408ms (next.js: 15ms, application-code: 393ms)
[browser] Please ensure that the container has a non-static position, like 'relative', 'fixed', or 'absolute' to ensure scroll offset is calculated correctly. (<anonymous>)
✓ Compiled in 110ms
 GET / 200 in 466ms (next.js: 36ms, application-code: 430ms)
 GET /robots.txt 404 in 170ms (next.js: 53ms, application-code: 117ms)
 GET / 200 in 875ms (next.js: 13ms, application-code: 863ms)
 GET / 200 in 355ms (next.js: 8ms, application-code: 348ms)
 GET /security.txt 404 in 123ms (next.js: 10ms, application-code: 113ms)
 GET /about 200 in 386ms (next.js: 74ms, application-code: 312ms)
 GET /FAQ 200 in 266ms (next.js: 65ms, application-code: 201ms)
 GET /review 200 in 201ms (next.js: 30ms, application-code: 171ms)
[browser] Image with src "/_next/static/media/mas_logo.107wsv77ackc1.webp" has either width or height modified, but not the other. If you use CSS to change the size of your image, also include the styles 'width: "auto"' or 'height: "auto"' to maintain the aspect ratio.
[browser] Image with src "/_next/static/media/mas_logo.107wsv77ackc1.webp" has either width or height modified, but not the other. If you use CSS to change the size of your image, also include the styles 'width: "auto"' or 'height: "auto"' to maintain the aspect ratio.
 GET / 200 in 1038ms (next.js: 17ms, application-code: 1021ms)
 GET / 200 in 397ms (next.js: 4ms, application-code: 393ms)
 GET /.well-known/security.txt 404 in 109ms (next.js: 8ms, application-code: 101ms)
 GET /robots.txt 404 in 135ms (next.js: 18ms, application-code: 117ms)
 GET /about-us 404 in 101ms (next.js: 5ms, application-code: 96ms)
 GET /about-us 404 in 201ms (next.js: 7ms, application-code: 194ms)
 GET / 200 in 837ms (next.js: 16ms, application-code: 821ms)
 OPTIONS / 400 in 147ms
 GET / 200 in 488ms (next.js: 27ms, application-code: 462ms)
 GET / 200 in 344ms (next.js: 6ms, application-code: 338ms)
[browser] Please ensure that the container has a non-static position, like 'relative', 'fixed', or 'absolute' to ensure scroll offset is calculated correctly. (<anonymous>)
 GET / 200 in 1680ms (next.js: 36ms, application-code: 1644ms)
